0 info it worked if it ends with ok
1 verbose cli [ 'C:\\Program Files\\nodejs\\node.exe',
1 verbose cli   'C:\\Program Files\\nodejs\\node_modules\\npm\\bin\\npm-cli.js',
1 verbose cli   'run',
1 verbose cli   'dev' ]
2 info using npm@3.10.10
3 info using node@v6.11.2
4 verbose run-script [ 'predev', 'dev', 'postdev' ]
5 info lifecycle custom-elements-example@0.0.0~predev: custom-elements-example@0.0.0
6 silly lifecycle custom-elements-example@0.0.0~predev: no script for predev, continuing
7 info lifecycle custom-elements-example@0.0.0~dev: custom-elements-example@0.0.0
8 verbose lifecycle custom-elements-example@0.0.0~dev: unsafe-perm in lifecycle true
9 verbose lifecycle custom-elements-example@0.0.0~dev: PATH: C:\Program Files\nodejs\node_modules\npm\bin\node-gyp-bin;F:\Git\bpmn-js-examples\custom-elements\node_modules\.bin;C:\Users\theal\bin;C:\Program Files\Git\mingw64\bin;C:\Program Files\Git\usr\local\bin;C:\Program Files\Git\usr\bin;C:\Program Files\Git\usr\bin;C:\Program Files\Git\mingw64\bin;C:\Program Files\Git\usr\bin;C:\Users\theal\bin;C:\Program Files\Docker\Docker\Resources\bin;C:\Users\theal\Downloads\ffmpeg-20171109-723b6ba-win64-static\ffmpeg-20171109-723b6ba-win64-static\bin;C:\ProgramData\Oracle\Java\javapath;C:\Windows\system32;C:\Windows;C:\Windows\System32\Wbem;C:\Windows\System32\WindowsPowerShell\v1.0;C:\Program Files\Git\cmd;C:\Program Files (x86)\NVIDIA Corporation\PhysX\Common;C:\WINDOWS\system32;C:\WINDOWS;C:\WINDOWS\System32\Wbem;C:\WINDOWS\System32\WindowsPowerShell\v1.0;C:\Program Files\Microsoft SQL Server\130\Tools\Binn;C:\Program Files (x86)\Windows Kits\10\Windows Performance Toolkit;C:\Program Files (x86)\Windows Kits\8.1\Windows Performance Toolkit;C:\Go\bin;C:\TDM-GCC-64\bin;C:\Program Files\nodejs;C:\WINDOWS\System32\OpenSSH;C:\Program Files\Microsoft VS Code\bin;C:\Anaconda3;C:\Anaconda3\Library\mingw-w64\bin;C:\Anaconda3\Library\usr\bin;C:\Anaconda3\Library\bin;C:\Anaconda3\Scripts;C:\Users\theal\AppData\Local\Programs\MiKTeX 2.9\miktex\bin\x64;C:\Program Files\Java\jdk1.8.0_91\bin;C:\Users\theal\AppData\Local\Microsoft\WindowsApps;C:\Users\theal\AppData\Roaming\npm;C:\Program Files\Git\usr\bin\vendor_perl;C:\Program Files\Git\usr\bin\core_perl
10 verbose lifecycle custom-elements-example@0.0.0~dev: CWD: F:\Git\bpmn-js-examples\custom-elements
11 silly lifecycle custom-elements-example@0.0.0~dev: Args: [ '/d /s /c', 'grunt auto-build' ]
12 silly lifecycle custom-elements-example@0.0.0~dev: Returned: code: 6  signal: null
13 info lifecycle custom-elements-example@0.0.0~dev: Failed to exec dev script
14 verbose stack Error: custom-elements-example@0.0.0 dev: `grunt auto-build`
14 verbose stack Exit status 6
14 verbose stack     at EventEmitter.<anonymous> (C:\Program Files\nodejs\node_modules\npm\lib\utils\lifecycle.js:255:16)
14 verbose stack     at emitTwo (events.js:106:13)
14 verbose stack     at EventEmitter.emit (events.js:191:7)
14 verbose stack     at ChildProcess.<anonymous> (C:\Program Files\nodejs\node_modules\npm\lib\utils\spawn.js:40:14)
14 verbose stack     at emitTwo (events.js:106:13)
14 verbose stack     at ChildProcess.emit (events.js:191:7)
14 verbose stack     at maybeClose (internal/child_process.js:891:16)
14 verbose stack     at Process.ChildProcess._handle.onexit (internal/child_process.js:226:5)
15 verbose pkgid custom-elements-example@0.0.0
16 verbose cwd F:\Git\bpmn-js-examples\custom-elements
17 error Windows_NT 10.0.17134
18 error argv "C:\\Program Files\\nodejs\\node.exe" "C:\\Program Files\\nodejs\\node_modules\\npm\\bin\\npm-cli.js" "run" "dev"
19 error node v6.11.2
20 error npm  v3.10.10
21 error code ELIFECYCLE
22 error custom-elements-example@0.0.0 dev: `grunt auto-build`
22 error Exit status 6
23 error Failed at the custom-elements-example@0.0.0 dev script 'grunt auto-build'.
23 error Make sure you have the latest version of node.js and npm installed.
23 error If you do, this is most likely a problem with the custom-elements-example package,
23 error not with npm itself.
23 error Tell the author that this fails on your system:
23 error     grunt auto-build
23 error You can get information on how to open an issue for this project with:
23 error     npm bugs custom-elements-example
23 error Or if that isn't available, you can get their info via:
23 error     npm owner ls custom-elements-example
23 error There is likely additional logging output above.
24 verbose exit [ 1, true ]
